<?xml version="1.0" encoding="utf-8"?><testsuites name="pytest tests"><testsuite name="pytest" errors="0" failures="0" skipped="0" tests="6" time="43.818" timestamp="2026-07-17T13:38:44.851336+00:00" hostname="agent-env-1e8a5701-326a-4be6-a94e-ba67117a4271"><testcase classname="backend.tests.test_delete_cascade.TestRebrand" name="test_root_endpoint_reports_plexa" time="3.811" /><testcase classname="backend.tests.test_delete_cascade.TestRegression" name="test_testuser1_login_and_rooms_notifications" time="5.214" /><testcase classname="backend.tests.test_delete_cascade.TestRegression" name="test_features_has_8_keys" time="2.051" /><testcase classname="backend.tests.test_delete_cascade.TestRegression" name="test_dev_login_still_works" time="2.131" /><testcase classname="backend.tests.test_delete_cascade.TestRegression" name="test_cors_options_rooms" time="0.069" /><testcase classname="backend.tests.test_delete_cascade.TestDeleteAccountCascade" name="test_full_cascade_flow" time="30.502" /></testsuite></testsuites>