<?xml version="1.0" encoding="utf-8"?><testsuites name="pytest tests"><testsuite name="pytest" errors="0" failures="0" skipped="0" tests="11" time="56.366" timestamp="2026-07-17T08:55:05.546980+00:00" hostname="agent-env-1e8a5701-326a-4be6-a94e-ba67117a4271"><testcase classname="backend.tests.test_dev_dashboard.TestForceChangePassword" name="test_forced_login_and_change_password_flow" time="11.741" /><testcase classname="backend.tests.test_dev_dashboard.TestFeatureFlags" name="test_features_public_shape" time="2.107" /><testcase classname="backend.tests.test_dev_dashboard.TestFeatureFlags" name="test_dev_features_non_dev_forbidden" time="1.869" /><testcase classname="backend.tests.test_dev_dashboard.TestFeatureFlags" name="test_dev_features_dev_ok" time="2.072" /><testcase classname="backend.tests.test_dev_dashboard.TestFeatureFlags" name="test_dev_toggle_feature_and_reset" time="6.838" /><testcase classname="backend.tests.test_dev_dashboard.TestFeatureFlags" name="test_dev_toggle_unknown_flag_400" time="1.867" /><testcase classname="backend.tests.test_dev_dashboard.TestAnnouncements" name="test_create_dismiss_deactivate_lifecycle" time="14.162" /><testcase classname="backend.tests.test_dev_dashboard.TestDevUserActions" name="test_force_logout_and_reset_password" time="7.771" /><testcase classname="backend.tests.test_dev_dashboard.TestNonDevForbidden" name="test_non_dev_forbidden_dev_endpoints" time="3.496" /><testcase classname="backend.tests.test_dev_dashboard.TestRegression" name="test_rooms_list_ok" time="2.314" /><testcase classname="backend.tests.test_dev_dashboard.TestRegression" name="test_notifications_list_ok" time="2.089" /></testsuite></testsuites>