<?xml version="1.0" encoding="utf-8"?><testsuites name="pytest tests"><testsuite name="pytest" errors="0" failures="0" skipped="1" tests="17" time="89.342" timestamp="2026-07-17T13:39:33.048988+00:00" hostname="agent-env-1e8a5701-326a-4be6-a94e-ba67117a4271"><testcase classname="backend.tests.test_delete_cascade.TestRebrand" name="test_root_endpoint_reports_plexa" time="0.170" /><testcase classname="backend.tests.test_delete_cascade.TestRegression" name="test_testuser1_login_and_rooms_notifications" time="5.189" /><testcase classname="backend.tests.test_delete_cascade.TestRegression" name="test_features_has_8_keys" time="2.121" /><testcase classname="backend.tests.test_delete_cascade.TestRegression" name="test_dev_login_still_works" time="2.060" /><testcase classname="backend.tests.test_delete_cascade.TestRegression" name="test_cors_options_rooms" time="0.065" /><testcase classname="backend.tests.test_delete_cascade.TestDeleteAccountCascade" name="test_full_cascade_flow" time="29.499" /><testcase classname="backend.tests.test_dev_dashboard.TestForceChangePassword" name="test_forced_login_and_change_password_flow" time="1.632"><skipped type="pytest.skip" message="PrincePrabhakar already went through change-password flow. Current pwd=NewPwd1234">/app/backend/tests/test_dev_dashboard.py:95: PrincePrabhakar already went through change-password flow. Current pwd=NewPwd1234</skipped></testcase><testcase classname="backend.tests.test_dev_dashboard.TestFeatureFlags" name="test_features_public_shape" time="2.071" /><testcase classname="backend.tests.test_dev_dashboard.TestFeatureFlags" name="test_dev_features_non_dev_forbidden" time="1.865" /><testcase classname="backend.tests.test_dev_dashboard.TestFeatureFlags" name="test_dev_features_dev_ok" time="2.182" /><testcase classname="backend.tests.test_dev_dashboard.TestFeatureFlags" name="test_dev_toggle_feature_and_reset" time="6.881" /><testcase classname="backend.tests.test_dev_dashboard.TestFeatureFlags" name="test_dev_toggle_unknown_flag_400" time="1.843" /><testcase classname="backend.tests.test_dev_dashboard.TestAnnouncements" name="test_create_dismiss_deactivate_lifecycle" time="18.117" /><testcase classname="backend.tests.test_dev_dashboard.TestDevUserActions" name="test_force_logout_and_reset_password" time="7.767" /><testcase classname="backend.tests.test_dev_dashboard.TestNonDevForbidden" name="test_non_dev_forbidden_dev_endpoints" time="3.461" /><testcase classname="backend.tests.test_dev_dashboard.TestRegression" name="test_rooms_list_ok" time="2.278" /><testcase classname="backend.tests.test_dev_dashboard.TestRegression" name="test_notifications_list_ok" time="2.119" /></testsuite></testsuites>